<?xml version="1.0" encoding="UTF-8" ?>
<testsuite tests="4" failures="2" name="Flooring.Service.FlooringServiceLayerImplTest" time="0.081" errors="0" skipped="0">
  <properties>
    <property name="java.runtime.name" value="Java(TM) SE Runtime Environment"/>
    <property name="sun.boot.library.path" value="C:\Program Files\Java\jdk1.8.0_211\jre\bin"/>
    <property name="java.vm.version" value="25.211-b12"/>
    <property name="java.vm.vendor" value="Oracle Corporation"/>
    <property name="maven.multiModuleProjectDirectory" value="C:\Users\shoem\Documents\mthree\FlooringMastery\FlooringMastery"/>
    <property name="java.vendor.url" value="http://java.oracle.com/"/>
    <property name="path.separator" value=";"/>
    <property name="guice.disable.misplaced.annotation.check" value="true"/>
    <property name="java.vm.name" value="Java HotSpot(TM) 64-Bit Server VM"/>
    <property name="file.encoding.pkg" value="sun.io"/>
    <property name="user.script" value=""/>
    <property name="user.country" value="US"/>
    <property name="sun.java.launcher" value="SUN_STANDARD"/>
    <property name="sun.os.patch.level" value=""/>
    <property name="java.vm.specification.name" value="Java Virtual Machine Specification"/>
    <property name="user.dir" value="C:\Users\shoem\Documents\mthree\FlooringMastery\FlooringMastery"/>
    <property name="java.runtime.version" value="1.8.0_211-b12"/>
    <property name="java.awt.graphicsenv" value="sun.awt.Win32GraphicsEnvironment"/>
    <property name="java.endorsed.dirs" value="C:\Program Files\Java\jdk1.8.0_211\jre\lib\endorsed"/>
    <property name="os.arch" value="amd64"/>
    <property name="java.io.tmpdir" value="C:\Users\shoem\AppData\Local\Temp\"/>
    <property name="line.separator" value="
"/>
    <property name="java.vm.specification.vendor" value="Oracle Corporation"/>
    <property name="user.variant" value=""/>
    <property name="os.name" value="Windows 10"/>
    <property name="maven.ext.class.path" value="C:\Users\shoem\Documents\netbeans\java\maven-nblib\netbeans-eventspy.jar"/>
    <property name="classworlds.conf" value="C:\Users\shoem\Documents\netbeans\java\maven\bin\m2.conf"/>
    <property name="sun.jnu.encoding" value="Cp1252"/>
    <property name="java.library.path" value="C:\Program Files\Java\jdk1.8.0_211\bin;C:\WINDOWS\Sun\Java\bin;C:\WINDOWS\system32;C:\WINDOWS;C:\Program Files\AdoptOpenJDK\jdk-11.0.7.10-hotspot\bin;C:\Python27\;C:\Python27\Scripts;C:\WINDOWS\system32;C:\WINDOWS;C:\WINDOWS\System32\Wbem;C:\WINDOWS\System32\WindowsPowerShell\v1.0\;C:\WINDOWS\System32\OpenSSH\;C:\ProgramData\chocolatey\bin;C:\Program Files\nodejs\;C:\Program Files\Git\cmd;C:\Program Files\MySQL\MySQL Shell 8.0\bin\;C:\Users\shoem\AppData\Local\Programs\Microsoft VS Code\bin;C:\Users\shoem\AppData\Roaming\npm;C:\Users\shoem\AppData\Local\Android\Sdk\platform-tools;C:\Users\shoem\AppData\Local\Microsoft\WindowsApps;C:\Users\shoem\AppData\Local\atom\bin;C:\Users\shoem\AppData\Local\GitHubDesktop\bin;."/>
    <property name="java.specification.name" value="Java Platform API Specification"/>
    <property name="java.class.version" value="52.0"/>
    <property name="sun.management.compiler" value="HotSpot 64-Bit Tiered Compilers"/>
    <property name="os.version" value="10.0"/>
    <property name="user.home" value="C:\Users\shoem"/>
    <property name="user.timezone" value="America/New_York"/>
    <property name="java.awt.printerjob" value="sun.awt.windows.WPrinterJob"/>
    <property name="java.specification.version" value="1.8"/>
    <property name="file.encoding" value="UTF-8"/>
    <property name="user.name" value="shoem"/>
    <property name="java.class.path" value="C:\Users\shoem\Documents\netbeans\java\maven\boot\plexus-classworlds-2.5.2.jar"/>
    <property name="java.vm.specification.version" value="1.8"/>
    <property name="sun.arch.data.model" value="64"/>
    <property name="java.home" value="C:\Program Files\Java\jdk1.8.0_211\jre"/>
    <property name="sun.java.command" value="org.codehaus.plexus.classworlds.launcher.Launcher -Dmaven.ext.class.path=C:\Users\shoem\Documents\netbeans\java\maven-nblib\netbeans-eventspy.jar -Dfile.encoding=UTF-8 test"/>
    <property name="java.specification.vendor" value="Oracle Corporation"/>
    <property name="user.language" value="en"/>
    <property name="awt.toolkit" value="sun.awt.windows.WToolkit"/>
    <property name="java.vm.info" value="mixed mode"/>
    <property name="java.version" value="1.8.0_211"/>
    <property name="java.ext.dirs" value="C:\Program Files\Java\jdk1.8.0_211\jre\lib\ext;C:\WINDOWS\Sun\Java\lib\ext"/>
    <property name="sun.boot.class.path" value="C:\Program Files\Java\jdk1.8.0_211\jre\lib\resources.jar;C:\Program Files\Java\jdk1.8.0_211\jre\lib\rt.jar;C:\Program Files\Java\jdk1.8.0_211\jre\lib\sunrsasign.jar;C:\Program Files\Java\jdk1.8.0_211\jre\lib\jsse.jar;C:\Program Files\Java\jdk1.8.0_211\jre\lib\jce.jar;C:\Program Files\Java\jdk1.8.0_211\jre\lib\charsets.jar;C:\Program Files\Java\jdk1.8.0_211\jre\lib\jfr.jar;C:\Program Files\Java\jdk1.8.0_211\jre\classes"/>
    <property name="java.vendor" value="Oracle Corporation"/>
    <property name="maven.home" value="C:\Users\shoem\Documents\netbeans\java\maven"/>
    <property name="file.separator" value="\"/>
    <property name="java.vendor.url.bug" value="http://bugreport.sun.com/bugreport/"/>
    <property name="sun.cpu.endian" value="little"/>
    <property name="sun.io.unicode.encoding" value="UnicodeLittle"/>
    <property name="sun.desktop" value="windows"/>
    <property name="sun.cpu.isalist" value="amd64"/>
  </properties>
  <testcase classname="Flooring.Service.FlooringServiceLayerImplTest" name="Flooring.Service.FlooringServiceLayerImplTest.testCreateValidStudent" time="0.001"/>
  <testcase classname="Flooring.Service.FlooringServiceLayerImplTest" name="Flooring.Service.FlooringServiceLayerImplTest.testCreateOrderInvalidData" time="0.027">
    <failure message="Expected ValidationException was not thrown." type="org.opentest4j.AssertionFailedError">org.opentest4j.AssertionFailedError: Expected ValidationException was not thrown.
	at org.junit.jupiter.api.AssertionUtils.fail(AssertionUtils.java:38)
	at org.junit.jupiter.api.Assertions.fail(Assertions.java:84)
	at Flooring.Service.FlooringServiceLayerImplTest.testCreateOrderInvalidData(FlooringServiceLayerImplTest.java:83)
</failure>
  </testcase>
  <testcase classname="Flooring.Service.FlooringServiceLayerImplTest" name="Flooring.Service.FlooringServiceLayerImplTest.testRemoveStudent" time="0.053">
    <failure message="Order removed from 1 should be Matthew Shoemate. ==&gt; expected: Flooring.DTO.Orders@394e1a0f&lt;1/Matthew Shoemate/Tile/WA/150/null/null/null/null/null/null/null&gt; but was: Flooring.DTO.Orders@27a5f880&lt;1/Matthew Shoemate/Tile/WA/150/null/null/null/null/null/null/null&gt;" type="org.opentest4j.AssertionFailedError">org.opentest4j.AssertionFailedError: Order removed from 1 should be Matthew Shoemate. ==&gt; expected: Flooring.DTO.Orders@394e1a0f&lt;1/Matthew Shoemate/Tile/WA/150/null/null/null/null/null/null/null&gt; but was: Flooring.DTO.Orders@27a5f880&lt;1/Matthew Shoemate/Tile/WA/150/null/null/null/null/null/null/null&gt;
	at org.junit.jupiter.api.AssertionUtils.fail(AssertionUtils.java:54)
	at org.junit.jupiter.api.AssertEquals.failNotEqual(AssertEquals.java:195)
	at org.junit.jupiter.api.AssertEquals.assertEquals(AssertEquals.java:184)
	at org.junit.jupiter.api.Assertions.assertEquals(Assertions.java:519)
	at Flooring.Service.FlooringServiceLayerImplTest.testRemoveStudent(FlooringServiceLayerImplTest.java:119)
</failure>
  </testcase>
  <testcase classname="Flooring.Service.FlooringServiceLayerImplTest" name="Flooring.Service.FlooringServiceLayerImplTest.testGetAllStudents" time="0"/>
</testsuite>