<?xml version="1.0" encoding="UTF-8" ?>
<testsuite tests="4" failures="2" name="Flooring.Service.FlooringServiceLayerImplTest" time="0.081" errors="0" skipped="0">
  <properties>
[...]
</properties>
  <testcase classname="Flooring.Service.FlooringServiceLayerImplTest" name="Flooring.Service.FlooringServiceLayerImplTest.testCreateValidStudent" time="0.001"/>
  <testcase classname="Flooring.Service.FlooringServiceLayerImplTest" name="Flooring.Service.FlooringServiceLayerImplTest.testCreateOrderInvalidData" time="0.027">
    <failure message="Expected ValidationException was not thrown." type="org.opentest4j.AssertionFailedError">org.opentest4j.AssertionFailedError: Expected ValidationException was not thrown.
	at org.junit.jupiter.api.AssertionUtils.fail(AssertionUtils.java:38)
	at org.junit.jupiter.api.Assertions.fail(Assertions.java:84)
	at Flooring.Service.FlooringServiceLayerImplTest.testCreateOrderInvalidData(FlooringServiceLayerImplTest.java:83)
</failure>
  </testcase>
  <testcase classname="Flooring.Service.FlooringServiceLayerImplTest" name="Flooring.Service.FlooringServiceLayerImplTest.testRemoveStudent" time="0.053">
    <failure message="Order removed from 1 should be Matthew Shoemate. ==&gt; expected: Flooring.DTO.Orders@394e1a0f&lt;1/Matthew Shoemate/Tile/WA/150/null/null/null/null/null/null/null&gt; but was: Flooring.DTO.Orders@27a5f880&lt;1/Matthew Shoemate/Tile/WA/150/null/null/null/null/null/null/null&gt;" type="org.opentest4j.AssertionFailedError">org.opentest4j.AssertionFailedError: Order removed from 1 should be Matthew Shoemate. ==&gt; expected: Flooring.DTO.Orders@394e1a0f&lt;1/Matthew Shoemate/Tile/WA/150/null/null/null/null/null/null/null&gt; but was: Flooring.DTO.Orders@27a5f880&lt;1/Matthew Shoemate/Tile/WA/150/null/null/null/null/null/null/null&gt;
	at org.junit.jupiter.api.AssertionUtils.fail(AssertionUtils.java:54)
	at org.junit.jupiter.api.AssertEquals.failNotEqual(AssertEquals.java:195)
	at org.junit.jupiter.api.AssertEquals.assertEquals(AssertEquals.java:184)
	at org.junit.jupiter.api.Assertions.assertEquals(Assertions.java:519)
	at Flooring.Service.FlooringServiceLayerImplTest.testRemoveStudent(FlooringServiceLayerImplTest.java:119)
</failure>
  </testcase>
  <testcase classname="Flooring.Service.FlooringServiceLayerImplTest" name="Flooring.Service.FlooringServiceLayerImplTest.testGetAllStudents" time="0"/>
</testsuite>